C:\USERS\ABDOD\ONEDRIVE\DESKTOP\PROJ\LIBRARY MANAGEMENT SYSTEM\DEBUG\LIBRARY MANAGEMENT SYSTEM.EXE
C:\USERS\ABDOD\ONEDRIVE\DESKTOP\PROJ\LIBRARY MANAGEMENT SYSTEM\DEBUG\LIBRARY MANAGEMENT SYSTEM.ILK
C:\USERS\ABDOD\ONEDRIVE\DESKTOP\PROJ\LIBRARY MANAGEMENT SYSTEM\DEBUG\LIBRARY MANAGEMENT SYSTEM.PDB
C:\USERS\ABDOD\ONEDRIVE\DESKTOP\PROJ\LIBRARY MANAGEMENT SYSTEM\LIBRARY MANAGEMENT SYSTEM\DEBUG\.NETFRAMEWORK,VERSION=V4.0.ASSEMBLYATTRIBUTES.OBJ
C:\USERS\ABDOD\ONEDRIVE\DESKTOP\PROJ\LIBRARY MANAGEMENT SYSTEM\LIBRARY MANAGEMENT SYSTEM\DEBUG\APP.RES
C:\USERS\ABDOD\ONEDRIVE\DESKTOP\PROJ\LIBRARY MANAGEMENT SYSTEM\LIBRARY MANAGEMENT SYSTEM\DEBUG\ASSEMBLYINFO.OBJ
C:\Users\abdod\OneDrive\Desktop\proj\Library Management System\Library Management System\Debug\cl.command.1.tlog
C:\Users\abdod\OneDrive\Desktop\proj\Library Management System\Library Management System\Debug\CL.read.1.tlog
C:\Users\abdod\OneDrive\Desktop\proj\Library Management System\Library Management System\Debug\CL.write.1.tlog
C:\USERS\ABDOD\ONEDRIVE\DESKTOP\PROJ\LIBRARY MANAGEMENT SYSTEM\LIBRARY MANAGEMENT SYSTEM\DEBUG\FORM 1.OBJ
C:\USERS\ABDOD\ONEDRIVE\DESKTOP\PROJ\LIBRARY MANAGEMENT SYSTEM\LIBRARY MANAGEMENT SYSTEM\DEBUG\FORM 4.OBJ
C:\USERS\ABDOD\ONEDRIVE\DESKTOP\PROJ\LIBRARY MANAGEMENT SYSTEM\LIBRARY MANAGEMENT SYSTEM\DEBUG\FORM2.OBJ
C:\USERS\ABDOD\ONEDRIVE\DESKTOP\PROJ\LIBRARY MANAGEMENT SYSTEM\LIBRARY MANAGEMENT SYSTEM\DEBUG\FORM3.OBJ
C:\USERS\ABDOD\ONEDRIVE\DESKTOP\PROJ\LIBRARY MANAGEMENT SYSTEM\LIBRARY MANAGEMENT SYSTEM\DEBUG\FORM31.OBJ
C:\USERS\ABDOD\ONEDRIVE\DESKTOP\PROJ\LIBRARY MANAGEMENT SYSTEM\LIBRARY MANAGEMENT SYSTEM\DEBUG\FORM32.OBJ
C:\USERS\ABDOD\ONEDRIVE\DESKTOP\PROJ\LIBRARY MANAGEMENT SYSTEM\LIBRARY MANAGEMENT SYSTEM\DEBUG\FORM33.OBJ
C:\USERS\ABDOD\ONEDRIVE\DESKTOP\PROJ\LIBRARY MANAGEMENT SYSTEM\LIBRARY MANAGEMENT SYSTEM\DEBUG\FORM42.OBJ
C:\USERS\ABDOD\ONEDRIVE\DESKTOP\PROJ\LIBRARY MANAGEMENT SYSTEM\LIBRARY MANAGEMENT SYSTEM\DEBUG\FORM5.OBJ
C:\USERS\ABDOD\ONEDRIVE\DESKTOP\PROJ\LIBRARY MANAGEMENT SYSTEM\LIBRARY MANAGEMENT SYSTEM\DEBUG\FORM6.OBJ
C:\USERS\ABDOD\ONEDRIVE\DESKTOP\PROJ\LIBRARY MANAGEMENT SYSTEM\LIBRARY MANAGEMENT SYSTEM\DEBUG\FORM7.OBJ
C:\USERS\ABDOD\ONEDRIVE\DESKTOP\PROJ\LIBRARY MANAGEMENT SYSTEM\LIBRARY MANAGEMENT SYSTEM\DEBUG\FORM8.OBJ
C:\USERS\ABDOD\ONEDRIVE\DESKTOP\PROJ\LIBRARY MANAGEMENT SYSTEM\LIBRARY MANAGEMENT SYSTEM\DEBUG\LIBRARY MANAGEMENT SYSTEM.EXE.INTERMEDIATE.MANIFEST
C:\USERS\ABDOD\ONEDRIVE\DESKTOP\PROJ\LIBRARY MANAGEMENT SYSTEM\LIBRARY MANAGEMENT SYSTEM\DEBUG\LIBRARY MANAGEMENT SYSTEM.OBJ
C:\USERS\ABDOD\ONEDRIVE\DESKTOP\PROJ\LIBRARY MANAGEMENT SYSTEM\LIBRARY MANAGEMENT SYSTEM\DEBUG\LIBRARY MANAGEMENT SYSTEM.PCH
C:\Users\abdod\OneDrive\Desktop\proj\Library Management System\Library Management System\Debug\Library Management System.vcxproj.GenerateResource.Cache
C:\Users\abdod\OneDrive\Desktop\proj\Library Management System\Library Management System\Debug\Library Management System.write.1.tlog
C:\Users\abdod\OneDrive\Desktop\proj\Library Management System\Library Management System\Debug\LibraryManagementSystem.Form1.resources
C:\Users\abdod\OneDrive\Desktop\proj\Library Management System\Library Management System\Debug\LibraryManagementSystem.Form2.resources
C:\Users\abdod\OneDrive\Desktop\proj\Library Management System\Library Management System\Debug\LibraryManagementSystem.form3.resources
C:\Users\abdod\OneDrive\Desktop\proj\Library Management System\Library Management System\Debug\LibraryManagementSystem.form4.resources
C:\Users\abdod\OneDrive\Desktop\proj\Library Management System\Library Management System\Debug\LibraryManagementSystem.form5.resources
C:\Users\abdod\OneDrive\Desktop\proj\Library Management System\Library Management System\Debug\LibraryManagementSystem.form6.resources
C:\Users\abdod\OneDrive\Desktop\proj\Library Management System\Library Management System\Debug\LibraryManagementSystem.form7.resources
C:\Users\abdod\OneDrive\Desktop\proj\Library Management System\Library Management System\Debug\link.7332.read.1.tlog
C:\Users\abdod\OneDrive\Desktop\proj\Library Management System\Library Management System\Debug\link.7332.write.1.tlog
C:\Users\abdod\OneDrive\Desktop\proj\Library Management System\Library Management System\Debug\link.7332-cvtres.read.1.tlog
C:\Users\abdod\OneDrive\Desktop\proj\Library Management System\Library Management System\Debug\link.7332-cvtres.write.1.tlog
C:\Users\abdod\OneDrive\Desktop\proj\Library Management System\Library Management System\Debug\link.command.1.tlog
C:\Users\abdod\OneDrive\Desktop\proj\Library Management System\Library Management System\Debug\link.read.1.tlog
C:\Users\abdod\OneDrive\Desktop\proj\Library Management System\Library Management System\Debug\link.write.1.tlog
C:\Users\abdod\OneDrive\Desktop\proj\Library Management System\Library Management System\Debug\metagen.read.1.tlog
C:\Users\abdod\OneDrive\Desktop\proj\Library Management System\Library Management System\Debug\metagen.write.1.tlog
C:\Users\abdod\OneDrive\Desktop\proj\Library Management System\Library Management System\Debug\mt.command.1.tlog
C:\Users\abdod\OneDrive\Desktop\proj\Library Management System\Library Management System\Debug\mt.read.1.tlog
C:\Users\abdod\OneDrive\Desktop\proj\Library Management System\Library Management System\Debug\mt.write.1.tlog
C:\Users\abdod\OneDrive\Desktop\proj\Library Management System\Library Management System\Debug\rc.command.1.tlog
C:\Users\abdod\OneDrive\Desktop\proj\Library Management System\Library Management System\Debug\rc.read.1.tlog
C:\Users\abdod\OneDrive\Desktop\proj\Library Management System\Library Management System\Debug\rc.write.1.tlog
C:\USERS\ABDOD\ONEDRIVE\DESKTOP\PROJ\LIBRARY MANAGEMENT SYSTEM\LIBRARY MANAGEMENT SYSTEM\DEBUG\STDAFX.OBJ
C:\Users\abdod\OneDrive\Desktop\proj\Library Management System\Library Management System\Debug\TZRES.DLL.bi
C:\USERS\ABDOD\ONEDRIVE\DESKTOP\PROJ\LIBRARY MANAGEMENT SYSTEM\LIBRARY MANAGEMENT SYSTEM\DEBUG\VC100.PDB
